  
  C:\Users\sthapa5\source\repos\cuda_ray\cuda_ray>"C:\Program Files\NVIDIA GPU Computing Toolkit\CUDA\v10.0\bin\nvcc.exe" -ccbin "C:\Program Files (x86)\Microsoft Visual Studio\2017\Community\VC\Tools\MSVC\14.16.27023\bin\HostX86\x64" -x cu  -I"C:\Program Files\NVIDIA GPU Computing Toolkit\CUDA\v10.0\include" -I"C:\Program Files\NVIDIA GPU Computing Toolkit\CUDA\v10.0\include"  -G   --keep-dir x64\Debug -maxrregcount=0  --machine 64 --compile   -g   -DWIN32 -DWIN64 -D_DEBUG -D_CONSOLE -D_MBCS -Xcompiler "/EHsc /W3 /nologo /Od  /FS /Zi /RTC1 /MDd " -o x64\Debug\kernel.cu.obj "C:\Users\sthapa5\source\repos\cuda_ray\cuda_ray\kernel.cu" -clean 
  kernel.cu
  Compiling CUDA source file kernel.cu...
  
  C:\Users\sthapa5\source\repos\cuda_ray\cuda_ray>"C:\Program Files\NVIDIA GPU Computing Toolkit\CUDA\v10.0\bin\nvcc.exe" -gencode=arch=compute_35,code=\"sm_35,compute_35\" --use-local-env -ccbin "C:\Program Files (x86)\Microsoft Visual Studio\2017\Community\VC\Tools\MSVC\14.16.27023\bin\HostX86\x64" -x cu  -I"C:\Program Files\NVIDIA GPU Computing Toolkit\CUDA\v10.0\include" -I"C:\Program Files\NVIDIA GPU Computing Toolkit\CUDA\v10.0\include"  -G   --keep-dir x64\Debug -maxrregcount=0  --machine 64 --compile -cudart static  -g   -DWIN32 -DWIN64 -D_DEBUG -D_CONSOLE -D_MBCS -Xcompiler "/EHsc /W3 /nologo /Od /Fdx64\Debug\vc141.pdb /FS /Zi /RTC1 /MDd " -o x64\Debug\kernel.cu.obj "C:\Users\sthapa5\source\repos\cuda_ray\cuda_ray\kernel.cu" 
C:\Program Files\NVIDIA GPU Computing Toolkit\CUDA\v10.0\include\thrust/detail/internal_functional.h(467): warning : calling a __host__ function from a __host__ __device__ function is not allowed
C:\Program Files\NVIDIA GPU Computing Toolkit\CUDA\v10.0\include\thrust/detail/internal_functional.h(472): warning : calling a __host__ function from a __host__ __device__ function is not allowed
C:\Program Files\NVIDIA GPU Computing Toolkit\CUDA\v10.0\include\thrust/detail/internal_functional.h(483): warning : calling a __host__ function from a __host__ __device__ function is not allowed
C:\Program Files\NVIDIA GPU Computing Toolkit\CUDA\v10.0\include\thrust/detail/internal_functional.h(488): warning : calling a __host__ function from a __host__ __device__ function is not allowed
C:\Program Files\NVIDIA GPU Computing Toolkit\CUDA\v10.0\include\thrust/system/detail/generic/uninitialized_fill.inl(90): warning : calling a __host__ function from a __host__ __device__ function is not allowed
C:\Program Files\NVIDIA GPU Computing Toolkit\CUDA\v10.0\include\thrust/system/detail/generic/uninitialized_fill.inl(90): warning : calling a __host__ function from a __host__ __device__ function is not allowed
C:\Program Files\NVIDIA GPU Computing Toolkit\CUDA\v10.0\include\thrust/detail/internal_functional.h(467): warning : calling a __host__ function("std::basic_string<char, std::char_traits<char>, std::allocator<char> >::basic_string") from a __host__ __device__ function("thrust::detail::fill_functor<std::basic_string<char, std::char_traits<char>, std::allocator<char> >> ::fill_functor") is not allowed
C:\Program Files\NVIDIA GPU Computing Toolkit\CUDA\v10.0\include\thrust/detail/internal_functional.h(472): warning : calling a __host__ function("std::basic_string<char, std::char_traits<char>, std::allocator<char> >::basic_string") from a __host__ __device__ function("thrust::detail::fill_functor<std::basic_string<char, std::char_traits<char>, std::allocator<char> >> ::operator () const") is not allowed
C:\Program Files\NVIDIA GPU Computing Toolkit\CUDA\v10.0\include\thrust/detail/internal_functional.h(472): warning : calling a __host__ function("std::basic_string<char, std::char_traits<char>, std::allocator<char> >::basic_string") from a __host__ __device__ function("thrust::detail::fill_functor<std::basic_string<char, std::char_traits<char>, std::allocator<char> >> ::fill_functor") is not allowed
C:\Program Files\NVIDIA GPU Computing Toolkit\CUDA\v10.0\include\thrust/detail/internal_functional.h(472): warning : calling a __host__ function("std::basic_string<char, std::char_traits<char>, std::allocator<char> >::~basic_string") from a __host__ __device__ function("thrust::detail::fill_functor<std::basic_string<char, std::char_traits<char>, std::allocator<char> >> ::~fill_functor") is not allowed
C:\Program Files\NVIDIA GPU Computing Toolkit\CUDA\v10.0\include\thrust/detail/internal_functional.h(483): warning : calling a __host__ function("std::basic_string<char, std::char_traits<char>, std::allocator<char> >::basic_string") from a __host__ __device__ function("thrust::detail::uninitialized_fill_functor<std::basic_string<char, std::char_traits<char>, std::allocator<char> >> ::uninitialized_fill_functor") is not allowed
C:\Program Files\NVIDIA GPU Computing Toolkit\CUDA\v10.0\include\thrust/detail/internal_functional.h(488): warning : calling a __host__ function("std::basic_string<char, std::char_traits<char>, std::allocator<char> >::basic_string") from a __host__ __device__ function("thrust::detail::uninitialized_fill_functor<std::basic_string<char, std::char_traits<char>, std::allocator<char> >> ::operator ()") is not allowed
C:\Program Files\NVIDIA GPU Computing Toolkit\CUDA\v10.0\include\thrust/detail/internal_functional.h(489): warning : calling a __host__ function("std::basic_string<char, std::char_traits<char>, std::allocator<char> >::basic_string") from a __host__ __device__ function("thrust::detail::uninitialized_fill_functor<std::basic_string<char, std::char_traits<char>, std::allocator<char> >> ::uninitialized_fill_functor") is not allowed
C:\Program Files\NVIDIA GPU Computing Toolkit\CUDA\v10.0\include\thrust/detail/internal_functional.h(489): warning : calling a __host__ function("std::basic_string<char, std::char_traits<char>, std::allocator<char> >::~basic_string") from a __host__ __device__ function("thrust::detail::uninitialized_fill_functor<std::basic_string<char, std::char_traits<char>, std::allocator<char> >> ::~uninitialized_fill_functor") is not allowed
C:\Program Files\NVIDIA GPU Computing Toolkit\CUDA\v10.0\include\thrust/system/detail/generic/uninitialized_fill.inl(90): warning : calling a __host__ function("std::basic_string<char, std::char_traits<char>, std::allocator<char> >::basic_string") from a __host__ __device__ function("thrust::system::detail::generic::detail::uninitialized_fill_n< ::thrust::system::cpp::detail::tag, std::basic_string<char, std::char_traits<char>, std::allocator<char> >*, unsigned long long, std::basic_string<char, std::char_traits<char>, std::allocator<char> >> ") is not allowed
C:\Program Files\NVIDIA GPU Computing Toolkit\CUDA\v10.0\include\thrust/system/detail/generic/uninitialized_fill.inl(90): warning : calling a __host__ function("std::basic_string<char, std::char_traits<char>, std::allocator<char> >::~basic_string") from a __host__ __device__ function("thrust::system::detail::generic::detail::uninitialized_fill_n< ::thrust::system::cpp::detail::tag, std::basic_string<char, std::char_traits<char>, std::allocator<char> >*, unsigned long long, std::basic_string<char, std::char_traits<char>, std::allocator<char> >> ") is not allowed
CUDACOMPILE : ptxas warning : Stack size for entry function '_Z6renderP4vec3iiiPP6cameraPP7hitable' cannot be statically determined
  kernel.cu
c:\users\sthapa5\source\repos\cuda_ray\cuda_ray\vec3.h(54): warning C4244: 'initializing': conversion from 'double' to 'float', possible loss of data
c:\users\sthapa5\source\repos\cuda_ray\cuda_ray\vec3.h(133): warning C4244: 'initializing': conversion from 'double' to 'float', possible loss of data
C:/Users/sthapa5/source/repos/cuda_ray/cuda_ray/kernel.cu(88): warning C4267: '=': conversion from 'size_t' to 'int', possible loss of data
C:/Users/sthapa5/source/repos/cuda_ray/cuda_ray/kernel.cu(89): warning C4267: '=': conversion from 'size_t' to 'int', possible loss of data
     Creating library C:\Users\sthapa5\source\repos\cuda_ray\x64\Debug\cuda_ray.lib and object C:\Users\sthapa5\source\repos\cuda_ray\x64\Debug\cuda_ray.exp
  cuda_ray.vcxproj -> C:\Users\sthapa5\source\repos\cuda_ray\x64\Debug\cuda_ray.exe
